<?xml version="1.0" encoding="UTF-8"?>
<testsuite xmlns:xsi="http://www.w3.org/2001/XMLSchema-instance" xsi:noNamespaceSchemaLocation="https://maven.apache.org/surefire/maven-surefire-plugin/xsd/surefire-test-report.xsd" version="3.0.2" name="com.app.taskmanager.TaskmanagerApplicationTests" time="1.438" tests="1" errors="0" skipped="0" failures="0">
  <properties>
[...]
</properties>
  <testcase name="contextLoads" classname="com.app.taskmanager.TaskmanagerApplicationTests" time="0.006">
    <system-out><![CDATA[2025-07-27T14:47:49.021-03:00  INFO 36946 --- [           main] t.c.s.AnnotationConfigContextLoaderUtils : Could not detect default configuration classes for test class [com.app.taskmanager.TaskmanagerApplicationTests]: TaskmanagerApplicationTests does not declare any static, non-private, non-final, nested classes annotated with @Configuration.
2025-07-27T14:47:49.032-03:00  INFO 36946 --- [           main] .b.t.c.SpringBootTestContextBootstrapper : Found @SpringBootConfiguration com.app.taskmanager.TaskmanagerApplication for test class com.app.taskmanager.TaskmanagerApplicationTests

  .   ____          _            __ _ _
 /\\ / ___'_ __ _ _(_)_ __  __ _ \ \ \ \
( ( )\___ | '_ | '_| | '_ \/ _` | \ \ \ \
 \\/  ___)| |_)| | | | | || (_| |  ) ) ) )
  '  |____| .__|_| |_|_| |_\__, | / / / /
 =========|_|==============|___/=/_/_/_/

 :: Spring Boot ::                (v3.5.4)

2025-07-27T14:47:49.078-03:00  INFO 36946 --- [           main] c.a.t.TaskmanagerApplicationTests        : Starting TaskmanagerApplicationTests using Java 17.0.15 with PID 36946 (started by imdias in /home/imdias/workspace/task-manager/backend)
2025-07-27T14:47:49.078-03:00  INFO 36946 --- [           main] c.a.t.TaskmanagerApplicationTests        : The following 1 profile is active: "test"
2025-07-27T14:47:49.288-03:00  INFO 36946 --- [           main] .s.d.r.c.RepositoryConfigurationDelegate : Bootstrapping Spring Data JPA repositories in DEFAULT mode.
2025-07-27T14:47:49.292-03:00  INFO 36946 --- [           main] .s.d.r.c.RepositoryConfigurationDelegate : Finished Spring Data repository scanning in 1 ms. Found 0 JPA repository interfaces.
2025-07-27T14:47:49.654-03:00  INFO 36946 --- [           main] o.hibernate.jpa.internal.util.LogHelper  : HHH000204: Processing PersistenceUnitInfo [name: default]
2025-07-27T14:47:49.656-03:00  INFO 36946 --- [           main] o.h.c.internal.RegionFactoryInitiator    : HHH000026: Second-level cache disabled
2025-07-27T14:47:49.666-03:00  INFO 36946 --- [           main] o.s.o.j.p.SpringPersistenceUnitInfo      : No LoadTimeWeaver setup: ignoring JPA class transformer
2025-07-27T14:47:49.668-03:00  INFO 36946 --- [           main] com.zaxxer.hikari.HikariDataSource       : HikariPool-1 - Starting...
2025-07-27T14:47:49.682-03:00  INFO 36946 --- [           main] com.zaxxer.hikari.pool.HikariPool        : HikariPool-1 - Added connection conn8: url=jdbc:h2:mem:testdb user=SA
2025-07-27T14:47:49.684-03:00  INFO 36946 --- [           main] com.zaxxer.hikari.HikariDataSource       : HikariPool-1 - Start completed.
2025-07-27T14:47:49.689-03:00  WARN 36946 --- [           main] org.hibernate.orm.deprecation            : HHH90000025: H2Dialect does not need to be specified explicitly using 'hibernate.dialect' (remove the property setting and it will be selected by default)
2025-07-27T14:47:49.694-03:00  INFO 36946 --- [           main] org.hibernate.orm.connections.pooling    : HHH10001005: Database info:
	Database JDBC URL [Connecting through datasource 'HikariDataSource (HikariPool-1)']
	Database driver: undefined/unknown
	Database version: 2.3.232
	Autocommit mode: undefined/unknown
	Isolation level: undefined/unknown
	Minimum pool size: undefined/unknown
	Maximum pool size: undefined/unknown
2025-07-27T14:47:49.738-03:00  INFO 36946 --- [           main] o.h.e.t.j.p.i.JtaPlatformInitiator       : HHH000489: No JTA platform available (set 'hibernate.transaction.jta.platform' to enable JTA platform integration)
Hibernate: drop table if exists task cascade 
Hibernate: drop table if exists task_columns cascade 
Hibernate: drop table if exists task_projects cascade 
Hibernate: drop table if exists users cascade 
Hibernate: create table task (column_id bigint, id bigint generated by default as identity, about varchar(255), name varchar(255), primary key (id))
Hibernate: create table task_columns (id bigint generated by default as identity, project_id bigint, name varchar(255), primary key (id))
Hibernate: create table task_projects (id bigint generated by default as identity, user_id bigint, name varchar(255), primary key (id))
Hibernate: create table users (id bigint generated by default as identity, email varchar(255), password varchar(255), username varchar(255), primary key (id))
Hibernate: alter table if exists task add constraint FK38mbuhhcfgusrijh9tp9i5snn foreign key (column_id) references task_columns
Hibernate: alter table if exists task_columns add constraint FK8kq3up8r3xf41070a9ivk6bk5 foreign key (project_id) references task_projects
Hibernate: alter table if exists task_projects add constraint FKoajndewl0wrq133gbq1evufas foreign key (user_id) references users
2025-07-27T14:47:49.749-03:00  INFO 36946 --- [           main] j.LocalContainerEntityManagerFactoryBean : Initialized JPA EntityManagerFactory for persistence unit 'default'
2025-07-27T14:47:49.888-03:00  WARN 36946 --- [           main] JpaBaseConfiguration$JpaWebConfiguration : spring.jpa.open-in-view is enabled by default. Therefore, database queries may be performed during view rendering. Explicitly configure spring.jpa.open-in-view to disable this warning
2025-07-27T14:47:50.290-03:00  WARN 36946 --- [           main] .s.s.UserDetailsServiceAutoConfiguration : 

Using generated security password: 7e8f0951-a067-4f12-bace-d940f6c1855e

This generated password is for development use only. Your security configuration must be updated before running your application in production.

2025-07-27T14:47:50.298-03:00  INFO 36946 --- [           main] r$InitializeUserDetailsManagerConfigurer : Global AuthenticationManager configured with UserDetailsService bean with name inMemoryUserDetailsManager
2025-07-27T14:47:50.439-03:00  INFO 36946 --- [           main] c.a.t.TaskmanagerApplicationTests        : Started TaskmanagerApplicationTests in 1.394 seconds (process running for 5.749)
]]></system-out>
  </testcase>
</testsuite>